Arguments: 
  C:\Program Files\nodejs\node.exe C:\Users\23126\AppData\Roaming\npm\node_modules\yarn\bin\yarn.js add gsap

PATH: 
  C:\Users\23126\anaconda3;C:\Users\23126\anaconda3\Library\mingw-w64\bin;C:\Users\23126\anaconda3\Library\usr\bin;C:\Users\23126\anaconda3\Library\bin;C:\Users\23126\anaconda3\Scripts;C:\Users\23126\anaconda3\bin;C:\Users\23126\anaconda3\condabin;C:\Program Files\Python36\Scripts;C:\Program Files\Python36;D:\VMVARE\bin;C:\ProgramData\Oracle\Java\javapath;C:\Program Files (x86)\Intel\Intel(R) Management Engine Components\iCLS;C:\Program Files\Intel\Intel(R) Management Engine Components\iCLS;C:\WINDOWS\system32;C:\WINDOWS;C:\WINDOWS\System32\Wbem;C:\WINDOWS\System32\WindowsPowerShell\v1.0;C:\Program Files (x86)\Intel\Intel(R) Management Engine Components\DAL;C:\Program Files\Intel\Intel(R) Management Engine Components\DAL;C:\Program Files (x86)\Intel\Intel(R) Management Engine Components\IPT;C:\Program Files\Intel\Intel(R) Management Engine Components\IPT;C:\WINDOWS\System32\OpenSSH;C:\Users\23126\Downloads\opencv\build\x64\vc14\bin;C:\Program Files\dotnet;C:\Program Files\Microsoft SQL Server\Client SDK\ODBC\170\Tools\Binn;C:\Program Files (x86)\Microsoft SQL Server\150\Tools\Binn;C:\Program Files\Microsoft SQL Server\150\Tools\Binn;C:\Program Files\Microsoft SQL Server\150\DTS\Binn;C:\Users\23126\anaconda3;C:\Users\23126\anaconda3\Library\mingw-w64\bin;C:\Users\23126\anaconda3\Scripts;C:\Users\23126\anaconda3\Library\bin;C:\Program Files\nodejs;C:\Program Files\nodejs\node_global;C:\Program Files\Git\cmd;C:\Program Files\ffmpeg-2021-10-24-git-9df3f147f5-full_build\bin;C:\Program Files (x86)\Graphviz\bin\dot.exe;C:\Program Files (x86)\GnuWin32\bin;C:\Users\23126\Anaconda3;C:\Users\23126\Anaconda3\Library\mingw-w64\bin;C:\Users\23126\Anaconda3\Library\usr\bin;C:\Users\23126\Anaconda3\Library\bin;C:\Users\23126\Anaconda3\Scripts;C:\Users\23126\AppData\Local\Programs\Python\Python37\Scripts;C:\Users\23126\AppData\Local\Programs\Python\Python37;C:\Users\23126\AppData\Local\Microsoft\WindowsApps;C:\Program Files\Bandizip;C:\Users\23126\Downloads\opencv\build\x64\vc14\bin;C:\Program Files (x86)\Java\jdk1.8.0_201\bin;C:\Users\23126\AppData\Local\Programs\Microsoft VS Code\bin;C:\Users\23126\.dotnet\tools;C:\Program Files\nodejs\node_global;C:\Program Files\nodejs\node_cache;C:\Users\23126\AppData\Local\Microsoft\WindowsApps;C:\Users\23126\AppData\Roaming\npm;C:\Program Files\nodejs\node_modules;C:\Program Files (x86)\Graphviz\bin;.;C:\Program Files\JetBrains\PyCharm 2023.1.3\bin;.;C:\Users\23126\AppData\Roaming\Programs\Zero Install

Yarn version: 
  1.22.10

Node version: 
  23.9.0

Platform: 
  win32 x64

Trace: 
  Error: EPERM: operation not permitted, unlink 'C:\Users\23126\WebstormProjects\demo\demo2_forvue\demo2\node_modules\@rollup\rollup-win32-x64-msvc\rollup.win32-x64-msvc.node'

npm manifest: 
  {
    "name": "demo2",
    "private": true,
    "version": "0.0.0",
    "type": "module",
    "scripts": {
      "dev": "vite",
      "build": "vite build",
      "preview": "vite preview"
    },
    "dependencies": {
      "three": "^0.174.0",
      "vue": "^3.5.13"
    },
    "devDependencies": {
      "@vitejs/plugin-vue": "^5.2.1",
      "vite": "^6.2.0"
    }
  }

yarn manifest: 
  No manifest

Lockfile: 
  No lockfile
